<?xml version="1.0" encoding="UTF-8"?>
<!-- Generated by org.testng.reporters.JUnitXMLReporter -->
<testsuite ignored="0" hostname="LAPTOP-NJ4R4OAH" failures="0" tests="4" name="Test" time="0.289" errors="0" timestamp="2022-09-17T09:15:05 IST">
  <testcase classname="com.CQA.POMTest.LoginPageTest" name="@BeforeMethod triggerDriver" time="0.138">
    <failure type="java.lang.NoSuchMethodError" message="&amp;apos;com.google.common.collect.ImmutableMap com.google.common.collect.ImmutableMap.of(java.lang.Object, java.lang.Object, java.lang.Object, java.lang.Object, java.lang.Object, java.lang.Object, java.lang.Object, java.lang.Object, java.lang.Object, java.lang.Object, java.lang.Object, java.lang.Object)&amp;apos;">
      <![CDATA[java.lang.NoSuchMethodError: 'com.google.common.collect.ImmutableMap com.google.common.collect.ImmutableMap.of(java.lang.Object, java.lang.Object, java.lang.Object, java.lang.Object, java.lang.Object, java.lang.Object, java.lang.Object, java.lang.Object, java.lang.Object, java.lang.Object, java.lang.Object, java.lang.Object)'
at org.openqa.selenium.chrome.AddHasCasting.getAdditionalCommands(AddHasCasting.java:38)
at org.openqa.selenium.chrome.ChromeDriver$ChromeDriverCommandExecutor.getExtraCommands(ChromeDriver.java:98)
at org.openqa.selenium.chrome.ChromeDriver$ChromeDriverCommandExecutor.<init>(ChromeDriver.java:93)
at org.openqa.selenium.chrome.ChromeDriver.<init>(ChromeDriver.java:81)
at org.openqa.selenium.chrome.ChromeDriver.<init>(ChromeDriver.java:49)
at Utility.Utility.initializeDriver(Utility.java:30)
at com.CQA.POMTest.LoginPageTest.triggerDriver(LoginPageTest.java:25)
at java.base/java.util.ArrayList.forEach(ArrayList.java:1541)
... Removed 31 stack frames]]>
    </failure>
  </testcase> <!-- @BeforeMethod triggerDriver -->
  <testcase classname="com.CQA.POMTest.LoginPageTest" name="@AfterMethod terminateDriver" time="0.0">
    <skipped/>
  </testcase> <!-- @AfterMethod terminateDriver -->
  <testcase classname="com.CQA.POMTest.LoginPageTest" name="@BeforeMethod triggerDriver" time="0.0">
    <skipped/>
  </testcase> <!-- @BeforeMethod triggerDriver -->
  <testcase classname="com.CQA.POMTest.LoginPageTest" name="@AfterMethod terminateDriver" time="0.0">
    <skipped/>
  </testcase> <!-- @AfterMethod terminateDriver -->
  <testcase classname="com.CQA.POMTest.LoginPageTest" name="@BeforeMethod triggerDriver" time="0.0">
    <skipped/>
  </testcase> <!-- @BeforeMethod triggerDriver -->
  <testcase classname="com.CQA.POMTest.LoginPageTest" name="@AfterMethod terminateDriver" time="0.0">
    <skipped/>
  </testcase> <!-- @AfterMethod terminateDriver -->
  <testcase classname="com.CQA.POMTest.LoginPageTest" name="@BeforeMethod triggerDriver" time="0.0">
    <skipped/>
  </testcase> <!-- @BeforeMethod triggerDriver -->
  <testcase classname="com.CQA.POMTest.LoginPageTest" name="@AfterMethod terminateDriver" time="0.0">
    <skipped/>
  </testcase> <!-- @AfterMethod terminateDriver -->
  <testcase classname="com.CQA.POMTest.LoginPageTest" name="chromeLogin" time="0.0">
    <skipped/>
  </testcase> <!-- chromeLogin -->
  <testcase classname="com.CQA.POMTest.LoginPageTest" name="validLoginPageWithXlxsDataTest" time="0.0">
    <skipped/>
  </testcase> <!-- validLoginPageWithXlxsDataTest -->
  <testcase classname="com.CQA.POMTest.LoginPageTest" name="validLoginPageWithconfigDataTest" time="0.001">
    <skipped/>
  </testcase> <!-- validLoginPageWithconfigDataTest -->
  <testcase classname="com.CQA.POMTest.LoginPageTest" name="validateInvalidLoginCredTest" time="0.0">
    <skipped/>
  </testcase> <!-- validateInvalidLoginCredTest -->
</testsuite> <!-- Test -->
