<?xml version="1.0" encoding="UTF-8"?>
<!-- Generated by org.testng.reporters.JUnitXMLReporter -->
<testsuite ignored="3" hostname="LAPTOP-NJ4R4OAH" failures="0" tests="1" name="Default test" time="16.522" errors="0" timestamp="2022-09-19T09:37:21 IST">
  <testcase classname="com.CQA.POMTest.LoginPageTest" name="validLoginPageWithXlsxDataTest" time="7.062"/>
  <testcase classname="com.CQA.POMTest.LoginPageTest" name="chromeLogin" time="0.0">
    <ignored/>
  </testcase> <!-- chromeLogin -->
  <testcase classname="com.CQA.POMTest.LoginPageTest" name="validateInvalidLoginCredTest" time="0.0">
    <ignored/>
  </testcase> <!-- validateInvalidLoginCredTest -->
  <testcase classname="com.CQA.POMTest.LoginPageTest" name="validLoginPageWithconfigDataTest" time="0.0">
    <ignored/>
  </testcase> <!-- validLoginPageWithconfigDataTest -->
</testsuite> <!-- Default test -->
