<?xml version="1.0" encoding="UTF-8"?>
<testng-results ignored="0" total="1" passed="1" failed="0" skipped="0">
  <reporter-output>
  </reporter-output>
  <suite started-at="2022-09-13T11:33:03 IST" name="Default suite" finished-at="2022-09-13T11:33:13 IST" duration-ms="10272">
    <groups>
    </groups>
    <test started-at="2022-09-13T11:33:03 IST" name="Default test" finished-at="2022-09-13T11:33:13 IST" duration-ms="10272">
      <class name="com.CQA.POMTest.LoginFromChrome">
        <test-method is-config="true" signature="triggerDriver()[pri:0, instance:com.CQA.POMTest.LoginFromChrome@70925b45]" started-at="2022-09-13T11:33:03 IST" name="triggerDriver" finished-at="2022-09-13T11:33:07 IST" duration-ms="3566" status="PASS">
          <reporter-output>
          </reporter-output>
        </test-method> <!-- triggerDriver -->
        <test-method signature="chromeLogin()[pri:0, instance:com.CQA.POMTest.LoginFromChrome@70925b45]" started-at="2022-09-13T11:33:07 IST" name="chromeLogin" finished-at="2022-09-13T11:33:11 IST" duration-ms="4386" status="PASS">
          <reporter-output>
          </reporter-output>
        </test-method> <!-- chromeLogin -->
        <test-method is-config="true" signature="terminateDriver()[pri:0, instance:com.CQA.POMTest.LoginFromChrome@70925b45]" started-at="2022-09-13T11:33:11 IST" name="terminateDriver" finished-at="2022-09-13T11:33:13 IST" duration-ms="2230" status="PASS">
          <reporter-output>
          </reporter-output>
        </test-method> <!-- terminateDriver -->
      </class> <!-- com.CQA.POMTest.LoginFromChrome -->
    </test> <!-- Default test -->
  </suite> <!-- Default suite -->
</testng-results>
